Using pre-set license
Built from '6000.0/staging' branch; Version is '6000.0.42f1 (feb9a7235030) revision 16693671'; Using compiler version '193933523'; Build Type 'Release'
OS: 'Windows 11  (10.0.26100) 64bit Core' Language: 'en' Physical Memory: 15654 MB
BatchMode: 1, IsHumanControllingUs: 0, StartBugReporterOnCrash: 0, Is64bit: 1, IsPro: 1

COMMAND LINE ARGUMENTS:
C:\Program Files\Unity\Hub\Editor\6000.0.42f1\Editor\Unity.exe
-adb2
-batchMode
-noUpm
-name
AssetImportWorker11
-projectPath
C:/Users/junus/Desktop/New folder/CoinCollectionusss
-logFile
Logs/AssetImportWorker11.log
-srvPort
12783
-job-worker-count
5
-background-job-worker-count
8
-gc-helper-count
1
Successfully changed project path to: C:/Users/junus/Desktop/New folder/CoinCollectionusss
C:/Users/junus/Desktop/New folder/CoinCollectionusss
[UnityMemory] Configuration Parameters - Can be set up in boot.config
    "memorysetup-bucket-allocator-granularity=16"
    "memorysetup-bucket-allocator-bucket-count=8"
    "memorysetup-bucket-allocator-block-size=33554432"
    "memorysetup-bucket-allocator-block-count=8"
    "memorysetup-main-allocator-block-size=16777216"
    "memorysetup-thread-allocator-block-size=16777216"
    "memorysetup-gfx-main-allocator-block-size=16777216"
    "memorysetup-gfx-thread-allocator-block-size=16777216"
    "memorysetup-cache-allocator-block-size=4194304"
    "memorysetup-typetree-allocator-block-size=2097152"
    "memorysetup-profiler-bucket-allocator-granularity=16"
    "memorysetup-profiler-bucket-allocator-bucket-count=8"
    "memorysetup-profiler-bucket-allocator-block-size=33554432"
    "memorysetup-profiler-bucket-allocator-block-count=8"
    "memorysetup-profiler-allocator-block-size=16777216"
    "memorysetup-profiler-editor-allocator-block-size=1048576"
    "memorysetup-temp-allocator-size-main=16777216"
    "memorysetup-job-temp-allocator-block-size=2097152"
    "memorysetup-job-temp-allocator-block-size-background=1048576"
    "memorysetup-job-temp-allocator-reduction-small-platforms=262144"
    "memorysetup-allocator-temp-initial-block-size-main=262144"
    "memorysetup-allocator-temp-initial-block-size-worker=262144"
    "memorysetup-temp-allocator-size-background-worker=32768"
    "memorysetup-temp-allocator-size-job-worker=262144"
    "memorysetup-temp-allocator-size-preload-manager=33554432"
    "memorysetup-temp-allocator-size-nav-mesh-worker=65536"
    "memorysetup-temp-allocator-size-audio-worker=65536"
    "memorysetup-temp-allocator-size-cloud-worker=32768"
    "memorysetup-temp-allocator-size-gi-baking-worker=262144"
    "memorysetup-temp-allocator-size-gi-baking-worker=262144"
    "memorysetup-temp-allocator-size-gi-baking-worker=262144"
    "memorysetup-temp-allocator-size-gi-baking-worker=262144"
    "memorysetup-temp-allocator-size-gi-baking-worker=262144"
    "memorysetup-temp-allocator-size-gfx=262144"
Player connection [2752]  Target information:

Player connection [2752]  * "[IP] 26.215.90.182 [Port] 0 [Flags] 2 [Guid] 1032777921 [EditorId] 1032777921 [Version] 1048832 [Id] WindowsEditor(7,Victus-16) [Debug] 1 [PackageName] WindowsEditor [ProjectName] Editor" 

Player connection [2752]  * "[IP] 192.168.56.1 [Port] 0 [Flags] 2 [Guid] 1032777921 [EditorId] 1032777921 [Version] 1048832 [Id] WindowsEditor(7,Victus-16) [Debug] 1 [PackageName] WindowsEditor [ProjectName] Editor" 

Player connection [2752]  * "[IP] 192.168.1.14 [Port] 0 [Flags] 2 [Guid] 1032777921 [EditorId] 1032777921 [Version] 1048832 [Id] WindowsEditor(7,Victus-16) [Debug] 1 [PackageName] WindowsEditor [ProjectName] Editor" 

Player connection [2752] Host joined multi-casting on [225.0.0.222:54997]...
Player connection [2752] Host joined alternative multi-casting on [225.0.0.222:34997]...
JobSystem: Creating JobQueue using job-worker-count value 5
Input System module state changed to: Initialized.
[Physics::Module] Initialized fallback backend.
[Physics::Module] Id: 0xdecafbad
Library Redirect Path: Library/
[Physics::Module] Selected backend.
[Physics::Module] Name: PhysX
[Physics::Module] Id: 0xf2b8ea05
[Physics::Module] SDK Version: 4.1.2
[Physics::Module] Integration Version: 1.0.0
[Physics::Module] Threading Mode: Multi-Threaded
Refreshing native plugins compatible for Editor in 6.87 ms, found 3 plugins.
Preloading 0 native plugins for Editor in 0.00 ms.
Initialize engine version: 6000.0.42f1 (feb9a7235030)
[Subsystems] Discovering subsystems at path C:/Program Files/Unity/Hub/Editor/6000.0.42f1/Editor/Data/Resources/UnitySubsystems
[Subsystems] Discovering subsystems at path C:/Users/junus/Desktop/New folder/CoinCollectionusss/Assets
GfxDevice: creating device client; kGfxThreadingModeNonThreaded
Direct3D:
    Version:  Direct3D 11.0 [level 11.1]
    Renderer: NVIDIA GeForce RTX 4060 Laptop GPU (ID=0x28a0)
    Vendor:   NVIDIA
    VRAM:     7957 MB
    Driver:   32.0.15.7216
Initialize mono
Mono path[0] = 'C:/Program Files/Unity/Hub/Editor/6000.0.42f1/Editor/Data/Managed'
Mono path[1] = 'C:/Program Files/Unity/Hub/Editor/6000.0.42f1/Editor/Data/MonoBleedingEdge/lib/mono/unityjit-win32'
Mono config path = 'C:/Program Files/Unity/Hub/Editor/6000.0.42f1/Editor/Data/MonoBleedingEdge/etc'
Using monoOptions --debugger-agent=transport=dt_socket,embedding=1,server=y,suspend=n,address=127.0.0.1:56984
Begin MonoManager ReloadAssembly
Registering precompiled unity dll's ...
Register platform support module: C:/Program Files/Unity/Hub/Editor/6000.0.42f1/Editor/Data/PlaybackEngines/WebGLSupport/UnityEditor.WebGL.Extensions.dll
Register platform support module: C:/Program Files/Unity/Hub/Editor/6000.0.42f1/Editor/Data/PlaybackEngines/WindowsStandaloneSupport/UnityEditor.WindowsStandalone.Extensions.dll
Register platform support module: C:/Program Files/Unity/Hub/Editor/6000.0.42f1/Editor/Data/PlaybackEngines/AndroidPlayer/UnityEditor.Android.Extensions.dll
Registered in 0.018511 seconds.
- Loaded All Assemblies, in  0.764 seconds
Native extension for Android target not found
Android Extension - Scanning For ADB Devices 2936 ms
Native extension for WindowsStandalone target not found
Native extension for WebGL target not found
Mono: successfully reloaded assembly
- Finished resetting the current domain, in  4.079 seconds
Domain Reload Profiling: 4838ms
	BeginReloadAssembly (262ms)
		ExecutionOrderSort (0ms)
		DisableScriptedObjects (0ms)
		BackupInstance (0ms)
		ReleaseScriptingObjects (0ms)
		CreateAndSetChildDomain (1ms)
	RebuildCommonClasses (63ms)
	RebuildNativeTypeToScriptingClass (19ms)
	initialDomainReloadingComplete (99ms)
	LoadAllAssembliesAndSetupDomain (313ms)
		LoadAssemblies (255ms)
		RebuildTransferFunctionScriptingTraits (0ms)
		AnalyzeDomain (307ms)
			TypeCache.Refresh (305ms)
				TypeCache.ScanAssembly (283ms)
			BuildScriptInfoCaches (0ms)
			ResolveRequiredComponents (1ms)
	FinalizeReload (4082ms)
		ReleaseScriptCaches (0ms)
		RebuildScriptCaches (0ms)
		SetupLoadedEditorAssemblies (3986ms)
			LogAssemblyErrors (0ms)
			InitializePlatformSupportModulesInManaged (3106ms)
			SetLoadedEditorAssemblies (13ms)
			BeforeProcessingInitializeOnLoad (160ms)
			ProcessInitializeOnLoadAttributes (452ms)
			ProcessInitializeOnLoadMethodAttributes (254ms)
			AfterProcessingInitializeOnLoad (0ms)
			EditorAssembliesLoaded (0ms)
		ExecutionOrderSort2 (0ms)
		AwakeInstancesAfterBackupRestoration (0ms)
========================================================================
Worker process is ready to serve import requests
Import Worker Mode flag is 0x00
Begin MonoManager ReloadAssembly
- Loaded All Assemblies, in  2.268 seconds
Refreshing native plugins compatible for Editor in 3.67 ms, found 3 plugins.
Native extension for Android target not found
Native extension for WindowsStandalone target not found
Native extension for WebGL target not found
Mono: successfully reloaded assembly
- Finished resetting the current domain, in  2.643 seconds
Domain Reload Profiling: 4890ms
	BeginReloadAssembly (488ms)
		ExecutionOrderSort (0ms)
		DisableScriptedObjects (12ms)
		BackupInstance (0ms)
		ReleaseScriptingObjects (0ms)
		CreateAndSetChildDomain (85ms)
	RebuildCommonClasses (88ms)
	RebuildNativeTypeToScriptingClass (74ms)
	initialDomainReloadingComplete (137ms)
	LoadAllAssembliesAndSetupDomain (1458ms)
		LoadAssemblies (1150ms)
		RebuildTransferFunctionScriptingTraits (0ms)
		AnalyzeDomain (605ms)
			TypeCache.Refresh (452ms)
				TypeCache.ScanAssembly (410ms)
			BuildScriptInfoCaches (120ms)
			ResolveRequiredComponents (24ms)
	FinalizeReload (2646ms)
		ReleaseScriptCaches (0ms)
		RebuildScriptCaches (0ms)
		SetupLoadedEditorAssemblies (2037ms)
			LogAssemblyErrors (0ms)
			InitializePlatformSupportModulesInManaged (35ms)
			SetLoadedEditorAssemblies (19ms)
			BeforeProcessingInitializeOnLoad (587ms)
			ProcessInitializeOnLoadAttributes (1100ms)
			ProcessInitializeOnLoadMethodAttributes (271ms)
			AfterProcessingInitializeOnLoad (23ms)
			EditorAssembliesLoaded (1ms)
		ExecutionOrderSort2 (0ms)
		AwakeInstancesAfterBackupRestoration (14ms)
Launched and connected shader compiler UnityShaderCompiler.exe after 0.06 seconds
Refreshing native plugins compatible for Editor in 38.21 ms, found 3 plugins.
Preloading 0 native plugins for Editor in 0.00 ms.
Unloading 198 Unused Serialized files (Serialized files now loaded: 0)
Unloading 5953 unused Assets / (5.0 MB). Loaded Objects now: 6598.
Memory consumption went from 156.3 MB to 151.2 MB.
Total: 61.236600 ms (FindLiveObjects: 9.032000 ms CreateObjectMapping: 24.986600 ms MarkObjects: 11.576500 ms  DeleteObjects: 15.639300 ms)

========================================================================
Received Import Request.
  Time since last request: 61429.715371 seconds.
  path: Assets/LowPoly Environment Pack/Prefabs/Plant_6.prefab
  artifactKey: Guid(21cba551342e0284a87bcb1672a662d2) Importer(2089858483,192608db42251d675da83286b1cce702)
Start importing Assets/LowPoly Environment Pack/Prefabs/Plant_6.prefab using Guid(21cba551342e0284a87bcb1672a662d2) Importer(2089858483,192608db42251d675da83286b1cce702) (ScriptedImporter) -> (artifact id: '90c2353e66abe325a7488c70a4d74731') in 1.3710983 seconds
Number of updated asset objects reloaded before import = 0Number of asset objects unloaded after import = 9

========================================================================
Received Import Request.
  Time since last request: 0.000034 seconds.
  path: Assets/Characters/Timmy/textures/Ch09_1001_Specular.png
  artifactKey: Guid(581834ac999eda3468582d49c94d2cb4) Importer(2089858483,192608db42251d675da83286b1cce702)
Start importing Assets/Characters/Timmy/textures/Ch09_1001_Specular.png using Guid(581834ac999eda3468582d49c94d2cb4) Importer(2089858483,192608db42251d675da83286b1cce702) (ScriptedImporter) -> (artifact id: '523034720ad7bebc2ef6a15514512a81') in 0.3484237 seconds
Number of updated asset objects reloaded before import = 0Number of asset objects unloaded after import = 1

========================================================================
Received Import Request.
  Time since last request: 0.000155 seconds.
  path: Assets/LowPoly Environment Pack/Prefabs/Mounting_3.prefab
  artifactKey: Guid(37bf6b4eaddee8d448771b63238e03d1) Importer(2089858483,192608db42251d675da83286b1cce702)
Start importing Assets/LowPoly Environment Pack/Prefabs/Mounting_3.prefab using Guid(37bf6b4eaddee8d448771b63238e03d1) Importer(2089858483,192608db42251d675da83286b1cce702) (ScriptedImporter) -> (artifact id: '3de5d571d3db0c13a6fe76b33366b66a') in 0.1258822 seconds
Number of updated asset objects reloaded before import = 0Number of asset objects unloaded after import = 9

========================================================================
Received Import Request.
  Time since last request: 0.000027 seconds.
  path: Assets/LowPoly Environment Pack/Prefabs/Grass_2.prefab
  artifactKey: Guid(c04be9f92ebf58b46b2204ac3aaa8785) Importer(2089858483,192608db42251d675da83286b1cce702)
Start importing Assets/LowPoly Environment Pack/Prefabs/Grass_2.prefab using Guid(c04be9f92ebf58b46b2204ac3aaa8785) Importer(2089858483,192608db42251d675da83286b1cce702) (ScriptedImporter) -> (artifact id: 'def27b578201ec4e9c9686916a38ab78') in 0.0382253 seconds
Number of updated asset objects reloaded before import = 0Number of asset objects unloaded after import = 8

========================================================================
Received Import Request.
  Time since last request: 0.000031 seconds.
  path: Assets/LowPoly Environment Pack/Prefabs/Grass_2.prefab
  artifactKey: Guid(c04be9f92ebf58b46b2204ac3aaa8785) Importer(2089858483,3d70f49cd1c2eb9ae422958d1c652c6b)
Start importing Assets/LowPoly Environment Pack/Prefabs/Grass_2.prefab using Guid(c04be9f92ebf58b46b2204ac3aaa8785) Importer(2089858483,3d70f49cd1c2eb9ae422958d1c652c6b) (ScriptedImporter) -> (artifact id: '95b5bdaba151ba7e1fe5055f18ab17c4') in 0.0179029 seconds
Number of updated asset objects reloaded before import = 0Number of asset objects unloaded after import = 8

========================================================================
Received Import Request.
  Time since last request: 0.000022 seconds.
  path: Assets/LowPoly Environment Pack/FBX/Materials/Green.4.mat
  artifactKey: Guid(431d3f3310498c2488a88bac6acf6f84) Importer(2089858483,192608db42251d675da83286b1cce702)
Start importing Assets/LowPoly Environment Pack/FBX/Materials/Green.4.mat using Guid(431d3f3310498c2488a88bac6acf6f84) Importer(2089858483,192608db42251d675da83286b1cce702) (ScriptedImporter) -> (artifact id: '53389fb45ccb04095a7ad4114f7a2b8f') in 0.1051295 seconds
Number of updated asset objects reloaded before import = 0Number of asset objects unloaded after import = 1

========================================================================
Received Import Request.
  Time since last request: 0.000038 seconds.
  path: Assets/LowPoly Environment Pack/FBX/Stone_1.fbx
  artifactKey: Guid(8da72e9a2ba2b0d4aa84f50b8f19b35f) Importer(2089858483,192608db42251d675da83286b1cce702)
Start importing Assets/LowPoly Environment Pack/FBX/Stone_1.fbx using Guid(8da72e9a2ba2b0d4aa84f50b8f19b35f) Importer(2089858483,192608db42251d675da83286b1cce702) (ScriptedImporter) -> (artifact id: '7540bb6aedb2aa59ff657e49b98e2608') in 0.1044642 seconds
Number of updated asset objects reloaded before import = 0Number of asset objects unloaded after import = 8

========================================================================
Received Import Request.
  Time since last request: 0.000039 seconds.
  path: Assets/LowPoly Environment Pack/FBX/Materials/Brown.4.mat
  artifactKey: Guid(ca030f1a8877487408d9e0ba65b2ec80) Importer(2089858483,192608db42251d675da83286b1cce702)
Start importing Assets/LowPoly Environment Pack/FBX/Materials/Brown.4.mat using Guid(ca030f1a8877487408d9e0ba65b2ec80) Importer(2089858483,192608db42251d675da83286b1cce702) (ScriptedImporter) -> (artifact id: '50b8b46c3c77e084901540a40d3a55b3') in 0.0175399 seconds
Number of updated asset objects reloaded before import = 0Number of asset objects unloaded after import = 1

Editor requested this worker to shutdown with reason: balancing worker count downwards
AssetImportWorker is now disconnected from the server
Process exiting
Exiting without the bug reporter. Application will terminate with return code 0